<?xml version="1.0" encoding="UTF-8"?>
<testng-results ignored="0" total="1" passed="1" failed="0" skipped="0">
  <reporter-output>
    <line>
      <![CDATA[Successfully opened Irctc]]>
    </line>
  </reporter-output>
  <suite started-at="2022-06-01T00:33:22 IST" name="Default suite" finished-at="2022-06-01T00:33:31 IST" duration-ms="8264">
    <groups>
      <group name="required">
        <method signature="IrctcSearch.search()[pri:0, instance:AutomationProject.automation_project.IrctcSearch@56cdfb3b]" name="search" class="AutomationProject.automation_project.IrctcSearch"/>
      </group> <!-- required -->
    </groups>
    <test started-at="2022-06-01T00:33:22 IST" name="Default test" finished-at="2022-06-01T00:33:31 IST" duration-ms="8264">
      <class name="AutomationProject.automation_project.IrctcSearch">
        <test-method is-config="true" signature="setUp()[pri:0, instance:AutomationProject.automation_project.IrctcSearch@56cdfb3b]" started-at="2022-06-01T00:33:22 IST" name="setUp" finished-at="2022-06-01T00:33:25 IST" duration-ms="2426" status="PASS">
          <reporter-output>
          </reporter-output>
        </test-method> <!-- setUp -->
        <test-method signature="search()[pri:0, instance:AutomationProject.automation_project.IrctcSearch@56cdfb3b]" started-at="2022-06-01T00:33:25 IST" name="search" finished-at="2022-06-01T00:33:31 IST" duration-ms="5778" status="PASS">
          <reporter-output>
            <line>
              <![CDATA[Successfully opened Irctc]]>
            </line>
          </reporter-output>
        </test-method> <!-- search -->
      </class> <!-- AutomationProject.automation_project.IrctcSearch -->
    </test> <!-- Default test -->
  </suite> <!-- Default suite -->
</testng-results>
